Hmm ... looks like a package

This is pdfTeX, Version 3.14159265-2.6-1.40.21 (TeX Live 2020) (preloaded format=pdflatex)
 restricted \write18 enabled.
entering extended mode
LaTeX2e <2020-02-02> patch level 5
L3 programming layer <2020-03-06>
(./Rd2.tex
(/usr/local/texlive/2020/texmf-dist/tex/latex/base/book.cls
Document Class: book 2019/12/20 v1.4l Standard LaTeX document class
(/usr/local/texlive/2020/texmf-dist/tex/latex/base/bk10.clo))
(/Library/Frameworks/R.framework/Resources/share/texmf/tex/latex/Rd.sty
(/usr/local/texlive/2020/texmf-dist/tex/latex/base/ifthen.sty)
(/usr/local/texlive/2020/texmf-dist/tex/latex/tools/longtable.sty)
(/usr/local/texlive/2020/texmf-dist/tex/latex/tools/bm.sty)
(/usr/local/texlive/2020/texmf-dist/tex/latex/base/alltt.sty)
(/usr/local/texlive/2020/texmf-dist/tex/latex/tools/verbatim.sty)
(/usr/local/texlive/2020/texmf-dist/tex/latex/url/url.sty)
(/usr/local/texlive/2020/texmf-dist/tex/latex/base/textcomp.sty)
(/usr/local/texlive/2020/texmf-dist/tex/latex/base/fontenc.sty)
(/usr/local/texlive/2020/texmf-dist/tex/latex/psnfss/times.sty)
(/usr/local/texlive/2020/texmf-dist/tex/latex/inconsolata/zi4.sty
`inconsolata-zi4' v1.12, 2019/05/17 Text macros for Inconsolata (msharpe)
(/usr/local/texlive/2020/texmf-dist/tex/latex/xkeyval/xkeyval.sty
(/usr/local/texlive/2020/texmf-dist/tex/generic/xkeyval/xkeyval.tex
(/usr/local/texlive/2020/texmf-dist/tex/generic/xkeyval/xkvutils.tex
(/usr/local/texlive/2020/texmf-dist/tex/generic/xkeyval/keyval.tex)))))
(/usr/local/texlive/2020/texmf-dist/tex/latex/graphics/color.sty
(/usr/local/texlive/2020/texmf-dist/tex/latex/graphics-cfg/color.cfg)
(/usr/local/texlive/2020/texmf-dist/tex/latex/graphics-def/pdftex.def))
(/usr/local/texlive/2020/texmf-dist/tex/latex/hyperref/hyperref.sty
(/usr/local/texlive/2020/texmf-dist/tex/generic/ltxcmds/ltxcmds.sty)
(/usr/local/texlive/2020/texmf-dist/tex/generic/iftex/iftex.sty)
(/usr/local/texlive/2020/texmf-dist/tex/latex/pdftexcmds/pdftexcmds.sty
(/usr/local/texlive/2020/texmf-dist/tex/generic/infwarerr/infwarerr.sty))
(/usr/local/texlive/2020/texmf-dist/tex/generic/kvsetkeys/kvsetkeys.sty)
(/usr/local/texlive/2020/texmf-dist/tex/generic/kvdefinekeys/kvdefinekeys.sty)
(/usr/local/texlive/2020/texmf-dist/tex/generic/pdfescape/pdfescape.sty)
(/usr/local/texlive/2020/texmf-dist/tex/latex/hycolor/hycolor.sty)
(/usr/local/texlive/2020/texmf-dist/tex/latex/letltxmacro/letltxmacro.sty)
(/usr/local/texlive/2020/texmf-dist/tex/latex/auxhook/auxhook.sty)
(/usr/local/texlive/2020/texmf-dist/tex/latex/kvoptions/kvoptions.sty)
(/usr/local/texlive/2020/texmf-dist/tex/latex/hyperref/pd1enc.def)
(/usr/local/texlive/2020/texmf-dist/tex/generic/intcalc/intcalc.sty)
(/usr/local/texlive/2020/texmf-dist/tex/generic/etexcmds/etexcmds.sty)
(/usr/local/texlive/2020/texmf-dist/tex/generic/bitset/bitset.sty
(/usr/local/texlive/2020/texmf-dist/tex/generic/bigintcalc/bigintcalc.sty))
(/usr/local/texlive/2020/texmf-dist/tex/generic/atbegshi/atbegshi.sty))
(/usr/local/texlive/2020/texmf-dist/tex/latex/hyperref/hpdftex.def
(/usr/local/texlive/2020/texmf-dist/tex/latex/atveryend/atveryend.sty)
(/usr/local/texlive/2020/texmf-dist/tex/latex/rerunfilecheck/rerunfilecheck.sty

(/usr/local/texlive/2020/texmf-dist/tex/generic/uniquecounter/uniquecounter.sty
)))

Package hyperref Warning: Option `hyperindex' has already been used,
(hyperref)                setting the option has no effect on input line 377.


Package hyperref Warning: Option `pagebackref' has already been used,
(hyperref)                setting the option has no effect on input line 377.

) (/usr/local/texlive/2020/texmf-dist/tex/latex/base/makeidx.sty)
(/usr/local/texlive/2020/texmf-dist/tex/latex/base/inputenc.sty)
Writing index file Rd2.idx
(/usr/local/texlive/2020/texmf-dist/tex/latex/l3backend/l3backend-pdfmode.def)
No file Rd2.aux.
(/usr/local/texlive/2020/texmf-dist/tex/latex/psnfss/t1ptm.fd)
(/usr/local/texlive/2020/texmf-dist/tex/context/base/mkii/supp-pdf.mkii
[Loading MPS to PDF converter (version 2006.09.02).]
) (/usr/local/texlive/2020/texmf-dist/tex/latex/hyperref/nameref.sty
(/usr/local/texlive/2020/texmf-dist/tex/latex/refcount/refcount.sty)
(/usr/local/texlive/2020/texmf-dist/tex/generic/gettitlestring/gettitlestring.s
ty)) (/usr/local/texlive/2020/texmf-dist/tex/latex/psnfss/ts1ptm.fd)
(/usr/local/texlive/2020/texmf-dist/tex/latex/inconsolata/t1zi4.fd)
(/usr/local/texlive/2020/texmf-dist/tex/latex/psnfss/t1phv.fd

LaTeX Warning: Font shape declaration has incorrect series value `mc'.
               It should not contain an `m'! Please correct it.
               Found on input line 20.


LaTeX Warning: Font shape declaration has incorrect series value `mc'.
               It should not contain an `m'! Please correct it.
               Found on input line 23.


LaTeX Warning: Font shape declaration has incorrect series value `mc'.
               It should not contain an `m'! Please correct it.
               Found on input line 26.


LaTeX Warning: Font shape declaration has incorrect series value `mc'.
               It should not contain an `m'! Please correct it.
               Found on input line 46.

) [1{/usr/local/texlive/2020/texmf-var/fonts/map/pdftex/updmap/pdftex.map}]
[2]
Overfull \hbox (1.21846pt too wide) in paragraph at lines 154--156
[]\T1/ptm/m/n/10 Type of cor-re-la-tion to cal-cu-late c("pearson", "spear-man"
), based on \T1/zi4/m/n/10 stats::cor\T1/ptm/m/n/10 ,

Overfull \hbox (24.61795pt too wide) in paragraph at lines 166--168
[]\T1/ptm/m/n/10 If keep-ing only up-per/lower tri-an-gle with \T1/zi4/m/n/10 t
ri\T1/ptm/m/n/10 , cut empty row/column, de-fault=FALSE. 

Overfull \hbox (19.57738pt too wide) in paragraph at lines 173--175
[]\T1/ptm/m/n/10 Format as html in viewer or not (de-fault=F, print in con-sole
), needs li-brary(htmlTable)
[3] [4]
Overfull \hbox (6.76555pt too wide) in paragraph at lines 294--294
 []  \T1/zi4/m/n/9 #print(htmlTable(x$table, useViewer=T, rnames=F,caption=x$ca
ption, pos.caption="bottom"))[] 
[5] [6]
Overfull \hbox (1.21846pt too wide) in paragraph at lines 411--413
[]\T1/ptm/m/n/10 Type of cor-re-la-tion to cal-cu-late c("pearson", "spear-man"
), based on \T1/zi4/m/n/10 stats::cor\T1/ptm/m/n/10 ,

Overfull \hbox (24.61795pt too wide) in paragraph at lines 423--425
[]\T1/ptm/m/n/10 If keep-ing only up-per/lower tri-an-gle with \T1/zi4/m/n/10 t
ri\T1/ptm/m/n/10 , cut empty row/column, de-fault=FALSE. 

Overfull \hbox (19.57738pt too wide) in paragraph at lines 430--432
[]\T1/ptm/m/n/10 Format as html in viewer or not (de-fault=F, print in con-sole
), needs li-brary(htmlTable)
[7] [8]
No file Rd2.ind.
[9]
(/private/var/folders/72/h85n87d13z58f5bhjm734y1h0000gn/T/RtmpV4uofd/Rd2pdf7116
5b093534/Rd2.aux)

Package rerunfilecheck Warning: File `Rd2.out' has changed.
(rerunfilecheck)                Rerun to get outlines right
(rerunfilecheck)                or use package `bookmark'.

 )
(see the transcript file for additional information){/usr/local/texlive/2020/te
xmf-dist/fonts/enc/dvips/base/8r.enc}{/usr/local/texlive/2020/texmf-dist/fonts/
enc/dvips/inconsolata/i4-t1-0.enc}</usr/local/texlive/2020/texmf-dist/fonts/typ
e1/public/inconsolata/Inconsolata-zi4r.pfb></usr/local/texlive/2020/texmf-dist/
fonts/type1/urw/helvetic/uhvr8a.pfb></usr/local/texlive/2020/texmf-dist/fonts/t
ype1/urw/times/utmb8a.pfb></usr/local/texlive/2020/texmf-dist/fonts/type1/urw/t
imes/utmr8a.pfb></usr/local/texlive/2020/texmf-dist/fonts/type1/urw/times/utmr8
a.pfb></usr/local/texlive/2020/texmf-dist/fonts/type1/urw/times/utmri8a.pfb>
Output written on Rd2.pdf (9 pages, 95118 bytes).
Transcript written on Rd2.log.
This is pdfTeX, Version 3.14159265-2.6-1.40.21 (TeX Live 2020) (preloaded format=pdflatex)
 restricted \write18 enabled.
entering extended mode
LaTeX2e <2020-02-02> patch level 5
L3 programming layer <2020-03-06>
(./Rd2.tex
(/usr/local/texlive/2020/texmf-dist/tex/latex/base/book.cls
Document Class: book 2019/12/20 v1.4l Standard LaTeX document class
(/usr/local/texlive/2020/texmf-dist/tex/latex/base/bk10.clo))
(/Library/Frameworks/R.framework/Resources/share/texmf/tex/latex/Rd.sty
(/usr/local/texlive/2020/texmf-dist/tex/latex/base/ifthen.sty)
(/usr/local/texlive/2020/texmf-dist/tex/latex/tools/longtable.sty)
(/usr/local/texlive/2020/texmf-dist/tex/latex/tools/bm.sty)
(/usr/local/texlive/2020/texmf-dist/tex/latex/base/alltt.sty)
(/usr/local/texlive/2020/texmf-dist/tex/latex/tools/verbatim.sty)
(/usr/local/texlive/2020/texmf-dist/tex/latex/url/url.sty)
(/usr/local/texlive/2020/texmf-dist/tex/latex/base/textcomp.sty)
(/usr/local/texlive/2020/texmf-dist/tex/latex/base/fontenc.sty)
(/usr/local/texlive/2020/texmf-dist/tex/latex/psnfss/times.sty)
(/usr/local/texlive/2020/texmf-dist/tex/latex/inconsolata/zi4.sty
`inconsolata-zi4' v1.12, 2019/05/17 Text macros for Inconsolata (msharpe)
(/usr/local/texlive/2020/texmf-dist/tex/latex/xkeyval/xkeyval.sty
(/usr/local/texlive/2020/texmf-dist/tex/generic/xkeyval/xkeyval.tex
(/usr/local/texlive/2020/texmf-dist/tex/generic/xkeyval/xkvutils.tex
(/usr/local/texlive/2020/texmf-dist/tex/generic/xkeyval/keyval.tex)))))
(/usr/local/texlive/2020/texmf-dist/tex/latex/graphics/color.sty
(/usr/local/texlive/2020/texmf-dist/tex/latex/graphics-cfg/color.cfg)
(/usr/local/texlive/2020/texmf-dist/tex/latex/graphics-def/pdftex.def))
(/usr/local/texlive/2020/texmf-dist/tex/latex/hyperref/hyperref.sty
(/usr/local/texlive/2020/texmf-dist/tex/generic/ltxcmds/ltxcmds.sty)
(/usr/local/texlive/2020/texmf-dist/tex/generic/iftex/iftex.sty)
(/usr/local/texlive/2020/texmf-dist/tex/latex/pdftexcmds/pdftexcmds.sty
(/usr/local/texlive/2020/texmf-dist/tex/generic/infwarerr/infwarerr.sty))
(/usr/local/texlive/2020/texmf-dist/tex/generic/kvsetkeys/kvsetkeys.sty)
(/usr/local/texlive/2020/texmf-dist/tex/generic/kvdefinekeys/kvdefinekeys.sty)
(/usr/local/texlive/2020/texmf-dist/tex/generic/pdfescape/pdfescape.sty)
(/usr/local/texlive/2020/texmf-dist/tex/latex/hycolor/hycolor.sty)
(/usr/local/texlive/2020/texmf-dist/tex/latex/letltxmacro/letltxmacro.sty)
(/usr/local/texlive/2020/texmf-dist/tex/latex/auxhook/auxhook.sty)
(/usr/local/texlive/2020/texmf-dist/tex/latex/kvoptions/kvoptions.sty)
(/usr/local/texlive/2020/texmf-dist/tex/latex/hyperref/pd1enc.def)
(/usr/local/texlive/2020/texmf-dist/tex/generic/intcalc/intcalc.sty)
(/usr/local/texlive/2020/texmf-dist/tex/generic/etexcmds/etexcmds.sty)
(/usr/local/texlive/2020/texmf-dist/tex/generic/bitset/bitset.sty
(/usr/local/texlive/2020/texmf-dist/tex/generic/bigintcalc/bigintcalc.sty))
(/usr/local/texlive/2020/texmf-dist/tex/generic/atbegshi/atbegshi.sty))
(/usr/local/texlive/2020/texmf-dist/tex/latex/hyperref/hpdftex.def
(/usr/local/texlive/2020/texmf-dist/tex/latex/atveryend/atveryend.sty)
(/usr/local/texlive/2020/texmf-dist/tex/latex/rerunfilecheck/rerunfilecheck.sty

(/usr/local/texlive/2020/texmf-dist/tex/generic/uniquecounter/uniquecounter.sty
)))

Package hyperref Warning: Option `hyperindex' has already been used,
(hyperref)                setting the option has no effect on input line 377.


Package hyperref Warning: Option `pagebackref' has already been used,
(hyperref)                setting the option has no effect on input line 377.

) (/usr/local/texlive/2020/texmf-dist/tex/latex/base/makeidx.sty)
(/usr/local/texlive/2020/texmf-dist/tex/latex/base/inputenc.sty)
Writing index file Rd2.idx
(/usr/local/texlive/2020/texmf-dist/tex/latex/l3backend/l3backend-pdfmode.def)
(/private/var/folders/72/h85n87d13z58f5bhjm734y1h0000gn/T/RtmpV4uofd/Rd2pdf7116
5b093534/Rd2.aux) (/usr/local/texlive/2020/texmf-dist/tex/latex/psnfss/t1ptm.fd
) (/usr/local/texlive/2020/texmf-dist/tex/context/base/mkii/supp-pdf.mkii
[Loading MPS to PDF converter (version 2006.09.02).]
) (/usr/local/texlive/2020/texmf-dist/tex/latex/hyperref/nameref.sty
(/usr/local/texlive/2020/texmf-dist/tex/latex/refcount/refcount.sty)
(/usr/local/texlive/2020/texmf-dist/tex/generic/gettitlestring/gettitlestring.s
ty))
(/private/var/folders/72/h85n87d13z58f5bhjm734y1h0000gn/T/RtmpV4uofd/Rd2pdf7116
5b093534/Rd2.out)
(/private/var/folders/72/h85n87d13z58f5bhjm734y1h0000gn/T/RtmpV4uofd/Rd2pdf7116
5b093534/Rd2.out)
(/usr/local/texlive/2020/texmf-dist/tex/latex/psnfss/ts1ptm.fd)
(/usr/local/texlive/2020/texmf-dist/tex/latex/inconsolata/t1zi4.fd)
(/usr/local/texlive/2020/texmf-dist/tex/latex/psnfss/t1phv.fd

LaTeX Warning: Font shape declaration has incorrect series value `mc'.
               It should not contain an `m'! Please correct it.
               Found on input line 20.


LaTeX Warning: Font shape declaration has incorrect series value `mc'.
               It should not contain an `m'! Please correct it.
               Found on input line 23.


LaTeX Warning: Font shape declaration has incorrect series value `mc'.
               It should not contain an `m'! Please correct it.
               Found on input line 26.


LaTeX Warning: Font shape declaration has incorrect series value `mc'.
               It should not contain an `m'! Please correct it.
               Found on input line 46.

)
(/private/var/folders/72/h85n87d13z58f5bhjm734y1h0000gn/T/RtmpV4uofd/Rd2pdf7116
5b093534/Rd2.toc [1{/usr/local/texlive/2020/texmf-var/fonts/map/pdftex/updmap/p
dftex.map}]) [2]
Overfull \hbox (1.21846pt too wide) in paragraph at lines 154--156
[]\T1/ptm/m/n/10 Type of cor-re-la-tion to cal-cu-late c("pearson", "spear-man"
), based on \T1/zi4/m/n/10 stats::cor\T1/ptm/m/n/10 ,
[3]
Overfull \hbox (24.61795pt too wide) in paragraph at lines 166--168
[]\T1/ptm/m/n/10 If keep-ing only up-per/lower tri-an-gle with \T1/zi4/m/n/10 t
ri\T1/ptm/m/n/10 , cut empty row/column, de-fault=FALSE. 

Overfull \hbox (19.57738pt too wide) in paragraph at lines 173--175
[]\T1/ptm/m/n/10 Format as html in viewer or not (de-fault=F, print in con-sole
), needs li-brary(htmlTable)
[4]
Overfull \hbox (6.76555pt too wide) in paragraph at lines 294--294
 []  \T1/zi4/m/n/9 #print(htmlTable(x$table, useViewer=T, rnames=F,caption=x$ca
ption, pos.caption="bottom"))[] 
[5] [6]
Overfull \hbox (1.21846pt too wide) in paragraph at lines 411--413
[]\T1/ptm/m/n/10 Type of cor-re-la-tion to cal-cu-late c("pearson", "spear-man"
), based on \T1/zi4/m/n/10 stats::cor\T1/ptm/m/n/10 ,

Overfull \hbox (24.61795pt too wide) in paragraph at lines 423--425
[]\T1/ptm/m/n/10 If keep-ing only up-per/lower tri-an-gle with \T1/zi4/m/n/10 t
ri\T1/ptm/m/n/10 , cut empty row/column, de-fault=FALSE. 

Overfull \hbox (19.57738pt too wide) in paragraph at lines 430--432
[]\T1/ptm/m/n/10 Format as html in viewer or not (de-fault=F, print in con-sole
), needs li-brary(htmlTable)
[7] [8] [9]
No file Rd2.ind.
[10]
(/private/var/folders/72/h85n87d13z58f5bhjm734y1h0000gn/T/RtmpV4uofd/Rd2pdf7116
5b093534/Rd2.aux) )
(see the transcript file for additional information){/usr/local/texlive/2020/te
xmf-dist/fonts/enc/dvips/base/8r.enc}{/usr/local/texlive/2020/texmf-dist/fonts/
enc/dvips/inconsolata/i4-t1-0.enc}</usr/local/texlive/2020/texmf-dist/fonts/typ
e1/public/inconsolata/Inconsolata-zi4r.pfb></usr/local/texlive/2020/texmf-dist/
fonts/type1/urw/helvetic/uhvr8a.pfb></usr/local/texlive/2020/texmf-dist/fonts/t
ype1/urw/times/utmb8a.pfb></usr/local/texlive/2020/texmf-dist/fonts/type1/urw/t
imes/utmr8a.pfb></usr/local/texlive/2020/texmf-dist/fonts/type1/urw/times/utmr8
a.pfb></usr/local/texlive/2020/texmf-dist/fonts/type1/urw/times/utmri8a.pfb>
Output written on Rd2.pdf (10 pages, 95943 bytes).
Transcript written on Rd2.log.
This is makeindex, version 2.15 [TeX Live 2020] (kpathsea + Thai support).
Scanning input file Rd2.idx....done (9 entries accepted, 0 rejected).
Sorting entries....done (26 comparisons).
Generating output file Rd2.ind....done (32 lines written, 0 warnings).
Output written in Rd2.ind.
Transcript written in Rd2.ilg.
This is pdfTeX, Version 3.14159265-2.6-1.40.21 (TeX Live 2020) (preloaded format=pdflatex)
 restricted \write18 enabled.
entering extended mode
LaTeX2e <2020-02-02> patch level 5
L3 programming layer <2020-03-06>
(./Rd2.tex
(/usr/local/texlive/2020/texmf-dist/tex/latex/base/book.cls
Document Class: book 2019/12/20 v1.4l Standard LaTeX document class
(/usr/local/texlive/2020/texmf-dist/tex/latex/base/bk10.clo))
(/Library/Frameworks/R.framework/Resources/share/texmf/tex/latex/Rd.sty
(/usr/local/texlive/2020/texmf-dist/tex/latex/base/ifthen.sty)
(/usr/local/texlive/2020/texmf-dist/tex/latex/tools/longtable.sty)
(/usr/local/texlive/2020/texmf-dist/tex/latex/tools/bm.sty)
(/usr/local/texlive/2020/texmf-dist/tex/latex/base/alltt.sty)
(/usr/local/texlive/2020/texmf-dist/tex/latex/tools/verbatim.sty)
(/usr/local/texlive/2020/texmf-dist/tex/latex/url/url.sty)
(/usr/local/texlive/2020/texmf-dist/tex/latex/base/textcomp.sty)
(/usr/local/texlive/2020/texmf-dist/tex/latex/base/fontenc.sty)
(/usr/local/texlive/2020/texmf-dist/tex/latex/psnfss/times.sty)
(/usr/local/texlive/2020/texmf-dist/tex/latex/inconsolata/zi4.sty
`inconsolata-zi4' v1.12, 2019/05/17 Text macros for Inconsolata (msharpe)
(/usr/local/texlive/2020/texmf-dist/tex/latex/xkeyval/xkeyval.sty
(/usr/local/texlive/2020/texmf-dist/tex/generic/xkeyval/xkeyval.tex
(/usr/local/texlive/2020/texmf-dist/tex/generic/xkeyval/xkvutils.tex
(/usr/local/texlive/2020/texmf-dist/tex/generic/xkeyval/keyval.tex)))))
(/usr/local/texlive/2020/texmf-dist/tex/latex/graphics/color.sty
(/usr/local/texlive/2020/texmf-dist/tex/latex/graphics-cfg/color.cfg)
(/usr/local/texlive/2020/texmf-dist/tex/latex/graphics-def/pdftex.def))
(/usr/local/texlive/2020/texmf-dist/tex/latex/hyperref/hyperref.sty
(/usr/local/texlive/2020/texmf-dist/tex/generic/ltxcmds/ltxcmds.sty)
(/usr/local/texlive/2020/texmf-dist/tex/generic/iftex/iftex.sty)
(/usr/local/texlive/2020/texmf-dist/tex/latex/pdftexcmds/pdftexcmds.sty
(/usr/local/texlive/2020/texmf-dist/tex/generic/infwarerr/infwarerr.sty))
(/usr/local/texlive/2020/texmf-dist/tex/generic/kvsetkeys/kvsetkeys.sty)
(/usr/local/texlive/2020/texmf-dist/tex/generic/kvdefinekeys/kvdefinekeys.sty)
(/usr/local/texlive/2020/texmf-dist/tex/generic/pdfescape/pdfescape.sty)
(/usr/local/texlive/2020/texmf-dist/tex/latex/hycolor/hycolor.sty)
(/usr/local/texlive/2020/texmf-dist/tex/latex/letltxmacro/letltxmacro.sty)
(/usr/local/texlive/2020/texmf-dist/tex/latex/auxhook/auxhook.sty)
(/usr/local/texlive/2020/texmf-dist/tex/latex/kvoptions/kvoptions.sty)
(/usr/local/texlive/2020/texmf-dist/tex/latex/hyperref/pd1enc.def)
(/usr/local/texlive/2020/texmf-dist/tex/generic/intcalc/intcalc.sty)
(/usr/local/texlive/2020/texmf-dist/tex/generic/etexcmds/etexcmds.sty)
(/usr/local/texlive/2020/texmf-dist/tex/generic/bitset/bitset.sty
(/usr/local/texlive/2020/texmf-dist/tex/generic/bigintcalc/bigintcalc.sty))
(/usr/local/texlive/2020/texmf-dist/tex/generic/atbegshi/atbegshi.sty))
(/usr/local/texlive/2020/texmf-dist/tex/latex/hyperref/hpdftex.def
(/usr/local/texlive/2020/texmf-dist/tex/latex/atveryend/atveryend.sty)
(/usr/local/texlive/2020/texmf-dist/tex/latex/rerunfilecheck/rerunfilecheck.sty

(/usr/local/texlive/2020/texmf-dist/tex/generic/uniquecounter/uniquecounter.sty
)))

Package hyperref Warning: Option `hyperindex' has already been used,
(hyperref)                setting the option has no effect on input line 377.


Package hyperref Warning: Option `pagebackref' has already been used,
(hyperref)                setting the option has no effect on input line 377.

) (/usr/local/texlive/2020/texmf-dist/tex/latex/base/makeidx.sty)
(/usr/local/texlive/2020/texmf-dist/tex/latex/base/inputenc.sty)
Writing index file Rd2.idx
(/usr/local/texlive/2020/texmf-dist/tex/latex/l3backend/l3backend-pdfmode.def)
(/private/var/folders/72/h85n87d13z58f5bhjm734y1h0000gn/T/RtmpV4uofd/Rd2pdf7116
5b093534/Rd2.aux) (/usr/local/texlive/2020/texmf-dist/tex/latex/psnfss/t1ptm.fd
) (/usr/local/texlive/2020/texmf-dist/tex/context/base/mkii/supp-pdf.mkii
[Loading MPS to PDF converter (version 2006.09.02).]
) (/usr/local/texlive/2020/texmf-dist/tex/latex/hyperref/nameref.sty
(/usr/local/texlive/2020/texmf-dist/tex/latex/refcount/refcount.sty)
(/usr/local/texlive/2020/texmf-dist/tex/generic/gettitlestring/gettitlestring.s
ty))
(/private/var/folders/72/h85n87d13z58f5bhjm734y1h0000gn/T/RtmpV4uofd/Rd2pdf7116
5b093534/Rd2.out)
(/private/var/folders/72/h85n87d13z58f5bhjm734y1h0000gn/T/RtmpV4uofd/Rd2pdf7116
5b093534/Rd2.out)
(/usr/local/texlive/2020/texmf-dist/tex/latex/psnfss/ts1ptm.fd)
(/usr/local/texlive/2020/texmf-dist/tex/latex/inconsolata/t1zi4.fd)
(/usr/local/texlive/2020/texmf-dist/tex/latex/psnfss/t1phv.fd

LaTeX Warning: Font shape declaration has incorrect series value `mc'.
               It should not contain an `m'! Please correct it.
               Found on input line 20.


LaTeX Warning: Font shape declaration has incorrect series value `mc'.
               It should not contain an `m'! Please correct it.
               Found on input line 23.


LaTeX Warning: Font shape declaration has incorrect series value `mc'.
               It should not contain an `m'! Please correct it.
               Found on input line 26.


LaTeX Warning: Font shape declaration has incorrect series value `mc'.
               It should not contain an `m'! Please correct it.
               Found on input line 46.

)
(/private/var/folders/72/h85n87d13z58f5bhjm734y1h0000gn/T/RtmpV4uofd/Rd2pdf7116
5b093534/Rd2.toc [1{/usr/local/texlive/2020/texmf-var/fonts/map/pdftex/updmap/p
dftex.map}]) [2]
Overfull \hbox (1.21846pt too wide) in paragraph at lines 154--156
[]\T1/ptm/m/n/10 Type of cor-re-la-tion to cal-cu-late c("pearson", "spear-man"
), based on \T1/zi4/m/n/10 stats::cor\T1/ptm/m/n/10 ,
[3]
Overfull \hbox (24.61795pt too wide) in paragraph at lines 166--168
[]\T1/ptm/m/n/10 If keep-ing only up-per/lower tri-an-gle with \T1/zi4/m/n/10 t
ri\T1/ptm/m/n/10 , cut empty row/column, de-fault=FALSE. 

Overfull \hbox (19.57738pt too wide) in paragraph at lines 173--175
[]\T1/ptm/m/n/10 Format as html in viewer or not (de-fault=F, print in con-sole
), needs li-brary(htmlTable)
[4]
Overfull \hbox (6.76555pt too wide) in paragraph at lines 294--294
 []  \T1/zi4/m/n/9 #print(htmlTable(x$table, useViewer=T, rnames=F,caption=x$ca
ption, pos.caption="bottom"))[] 
[5] [6]
Overfull \hbox (1.21846pt too wide) in paragraph at lines 411--413
[]\T1/ptm/m/n/10 Type of cor-re-la-tion to cal-cu-late c("pearson", "spear-man"
), based on \T1/zi4/m/n/10 stats::cor\T1/ptm/m/n/10 ,

Overfull \hbox (24.61795pt too wide) in paragraph at lines 423--425
[]\T1/ptm/m/n/10 If keep-ing only up-per/lower tri-an-gle with \T1/zi4/m/n/10 t
ri\T1/ptm/m/n/10 , cut empty row/column, de-fault=FALSE. 

Overfull \hbox (19.57738pt too wide) in paragraph at lines 430--432
[]\T1/ptm/m/n/10 Format as html in viewer or not (de-fault=F, print in con-sole
), needs li-brary(htmlTable)
[7] [8] [9]
(/private/var/folders/72/h85n87d13z58f5bhjm734y1h0000gn/T/RtmpV4uofd/Rd2pdf7116
5b093534/Rd2.ind [10] [11])
(/private/var/folders/72/h85n87d13z58f5bhjm734y1h0000gn/T/RtmpV4uofd/Rd2pdf7116
5b093534/Rd2.aux)

Package rerunfilecheck Warning: File `Rd2.out' has changed.
(rerunfilecheck)                Rerun to get outlines right
(rerunfilecheck)                or use package `bookmark'.

 )
(see the transcript file for additional information){/usr/local/texlive/2020/te
xmf-dist/fonts/enc/dvips/base/8r.enc}{/usr/local/texlive/2020/texmf-dist/fonts/
enc/dvips/inconsolata/i4-t1-0.enc}</usr/local/texlive/2020/texmf-dist/fonts/typ
e1/public/inconsolata/Inconsolata-zi4r.pfb></usr/local/texlive/2020/texmf-dist/
fonts/type1/public/amsfonts/cm/cmsy10.pfb></usr/local/texlive/2020/texmf-dist/f
onts/type1/urw/helvetic/uhvr8a.pfb></usr/local/texlive/2020/texmf-dist/fonts/ty
pe1/urw/times/utmb8a.pfb></usr/local/texlive/2020/texmf-dist/fonts/type1/urw/ti
mes/utmr8a.pfb></usr/local/texlive/2020/texmf-dist/fonts/type1/urw/times/utmr8a
.pfb></usr/local/texlive/2020/texmf-dist/fonts/type1/urw/times/utmri8a.pfb>
Output written on Rd2.pdf (11 pages, 104043 bytes).
Transcript written on Rd2.log.
This is makeindex, version 2.15 [TeX Live 2020] (kpathsea + Thai support).
Scanning input file Rd2.idx....done (9 entries accepted, 0 rejected).
Sorting entries....done (26 comparisons).
Generating output file Rd2.ind....done (32 lines written, 0 warnings).
Output written in Rd2.ind.
Transcript written in Rd2.ilg.
This is pdfTeX, Version 3.14159265-2.6-1.40.21 (TeX Live 2020) (preloaded format=pdflatex)
 restricted \write18 enabled.
entering extended mode
LaTeX2e <2020-02-02> patch level 5
L3 programming layer <2020-03-06>
(./Rd2.tex
(/usr/local/texlive/2020/texmf-dist/tex/latex/base/book.cls
Document Class: book 2019/12/20 v1.4l Standard LaTeX document class
(/usr/local/texlive/2020/texmf-dist/tex/latex/base/bk10.clo))
(/Library/Frameworks/R.framework/Resources/share/texmf/tex/latex/Rd.sty
(/usr/local/texlive/2020/texmf-dist/tex/latex/base/ifthen.sty)
(/usr/local/texlive/2020/texmf-dist/tex/latex/tools/longtable.sty)
(/usr/local/texlive/2020/texmf-dist/tex/latex/tools/bm.sty)
(/usr/local/texlive/2020/texmf-dist/tex/latex/base/alltt.sty)
(/usr/local/texlive/2020/texmf-dist/tex/latex/tools/verbatim.sty)
(/usr/local/texlive/2020/texmf-dist/tex/latex/url/url.sty)
(/usr/local/texlive/2020/texmf-dist/tex/latex/base/textcomp.sty)
(/usr/local/texlive/2020/texmf-dist/tex/latex/base/fontenc.sty)
(/usr/local/texlive/2020/texmf-dist/tex/latex/psnfss/times.sty)
(/usr/local/texlive/2020/texmf-dist/tex/latex/inconsolata/zi4.sty
`inconsolata-zi4' v1.12, 2019/05/17 Text macros for Inconsolata (msharpe)
(/usr/local/texlive/2020/texmf-dist/tex/latex/xkeyval/xkeyval.sty
(/usr/local/texlive/2020/texmf-dist/tex/generic/xkeyval/xkeyval.tex
(/usr/local/texlive/2020/texmf-dist/tex/generic/xkeyval/xkvutils.tex
(/usr/local/texlive/2020/texmf-dist/tex/generic/xkeyval/keyval.tex)))))
(/usr/local/texlive/2020/texmf-dist/tex/latex/graphics/color.sty
(/usr/local/texlive/2020/texmf-dist/tex/latex/graphics-cfg/color.cfg)
(/usr/local/texlive/2020/texmf-dist/tex/latex/graphics-def/pdftex.def))
(/usr/local/texlive/2020/texmf-dist/tex/latex/hyperref/hyperref.sty
(/usr/local/texlive/2020/texmf-dist/tex/generic/ltxcmds/ltxcmds.sty)
(/usr/local/texlive/2020/texmf-dist/tex/generic/iftex/iftex.sty)
(/usr/local/texlive/2020/texmf-dist/tex/latex/pdftexcmds/pdftexcmds.sty
(/usr/local/texlive/2020/texmf-dist/tex/generic/infwarerr/infwarerr.sty))
(/usr/local/texlive/2020/texmf-dist/tex/generic/kvsetkeys/kvsetkeys.sty)
(/usr/local/texlive/2020/texmf-dist/tex/generic/kvdefinekeys/kvdefinekeys.sty)
(/usr/local/texlive/2020/texmf-dist/tex/generic/pdfescape/pdfescape.sty)
(/usr/local/texlive/2020/texmf-dist/tex/latex/hycolor/hycolor.sty)
(/usr/local/texlive/2020/texmf-dist/tex/latex/letltxmacro/letltxmacro.sty)
(/usr/local/texlive/2020/texmf-dist/tex/latex/auxhook/auxhook.sty)
(/usr/local/texlive/2020/texmf-dist/tex/latex/kvoptions/kvoptions.sty)
(/usr/local/texlive/2020/texmf-dist/tex/latex/hyperref/pd1enc.def)
(/usr/local/texlive/2020/texmf-dist/tex/generic/intcalc/intcalc.sty)
(/usr/local/texlive/2020/texmf-dist/tex/generic/etexcmds/etexcmds.sty)
(/usr/local/texlive/2020/texmf-dist/tex/generic/bitset/bitset.sty
(/usr/local/texlive/2020/texmf-dist/tex/generic/bigintcalc/bigintcalc.sty))
(/usr/local/texlive/2020/texmf-dist/tex/generic/atbegshi/atbegshi.sty))
(/usr/local/texlive/2020/texmf-dist/tex/latex/hyperref/hpdftex.def
(/usr/local/texlive/2020/texmf-dist/tex/latex/atveryend/atveryend.sty)
(/usr/local/texlive/2020/texmf-dist/tex/latex/rerunfilecheck/rerunfilecheck.sty

(/usr/local/texlive/2020/texmf-dist/tex/generic/uniquecounter/uniquecounter.sty
)))

Package hyperref Warning: Option `hyperindex' has already been used,
(hyperref)                setting the option has no effect on input line 377.


Package hyperref Warning: Option `pagebackref' has already been used,
(hyperref)                setting the option has no effect on input line 377.

) (/usr/local/texlive/2020/texmf-dist/tex/latex/base/makeidx.sty)
(/usr/local/texlive/2020/texmf-dist/tex/latex/base/inputenc.sty)
Writing index file Rd2.idx
(/usr/local/texlive/2020/texmf-dist/tex/latex/l3backend/l3backend-pdfmode.def)
(/private/var/folders/72/h85n87d13z58f5bhjm734y1h0000gn/T/RtmpV4uofd/Rd2pdf7116
5b093534/Rd2.aux) (/usr/local/texlive/2020/texmf-dist/tex/latex/psnfss/t1ptm.fd
) (/usr/local/texlive/2020/texmf-dist/tex/context/base/mkii/supp-pdf.mkii
[Loading MPS to PDF converter (version 2006.09.02).]
) (/usr/local/texlive/2020/texmf-dist/tex/latex/hyperref/nameref.sty
(/usr/local/texlive/2020/texmf-dist/tex/latex/refcount/refcount.sty)
(/usr/local/texlive/2020/texmf-dist/tex/generic/gettitlestring/gettitlestring.s
ty))
(/private/var/folders/72/h85n87d13z58f5bhjm734y1h0000gn/T/RtmpV4uofd/Rd2pdf7116
5b093534/Rd2.out)
(/private/var/folders/72/h85n87d13z58f5bhjm734y1h0000gn/T/RtmpV4uofd/Rd2pdf7116
5b093534/Rd2.out)
(/usr/local/texlive/2020/texmf-dist/tex/latex/psnfss/ts1ptm.fd)
(/usr/local/texlive/2020/texmf-dist/tex/latex/inconsolata/t1zi4.fd)
(/usr/local/texlive/2020/texmf-dist/tex/latex/psnfss/t1phv.fd

LaTeX Warning: Font shape declaration has incorrect series value `mc'.
               It should not contain an `m'! Please correct it.
               Found on input line 20.


LaTeX Warning: Font shape declaration has incorrect series value `mc'.
               It should not contain an `m'! Please correct it.
               Found on input line 23.


LaTeX Warning: Font shape declaration has incorrect series value `mc'.
               It should not contain an `m'! Please correct it.
               Found on input line 26.


LaTeX Warning: Font shape declaration has incorrect series value `mc'.
               It should not contain an `m'! Please correct it.
               Found on input line 46.

)
(/private/var/folders/72/h85n87d13z58f5bhjm734y1h0000gn/T/RtmpV4uofd/Rd2pdf7116
5b093534/Rd2.toc [1{/usr/local/texlive/2020/texmf-var/fonts/map/pdftex/updmap/p
dftex.map}]) [2]
Overfull \hbox (1.21846pt too wide) in paragraph at lines 154--156
[]\T1/ptm/m/n/10 Type of cor-re-la-tion to cal-cu-late c("pearson", "spear-man"
), based on \T1/zi4/m/n/10 stats::cor\T1/ptm/m/n/10 ,
[3]
Overfull \hbox (24.61795pt too wide) in paragraph at lines 166--168
[]\T1/ptm/m/n/10 If keep-ing only up-per/lower tri-an-gle with \T1/zi4/m/n/10 t
ri\T1/ptm/m/n/10 , cut empty row/column, de-fault=FALSE. 

Overfull \hbox (19.57738pt too wide) in paragraph at lines 173--175
[]\T1/ptm/m/n/10 Format as html in viewer or not (de-fault=F, print in con-sole
), needs li-brary(htmlTable)
[4]
Overfull \hbox (6.76555pt too wide) in paragraph at lines 294--294
 []  \T1/zi4/m/n/9 #print(htmlTable(x$table, useViewer=T, rnames=F,caption=x$ca
ption, pos.caption="bottom"))[] 
[5] [6]
Overfull \hbox (1.21846pt too wide) in paragraph at lines 411--413
[]\T1/ptm/m/n/10 Type of cor-re-la-tion to cal-cu-late c("pearson", "spear-man"
), based on \T1/zi4/m/n/10 stats::cor\T1/ptm/m/n/10 ,

Overfull \hbox (24.61795pt too wide) in paragraph at lines 423--425
[]\T1/ptm/m/n/10 If keep-ing only up-per/lower tri-an-gle with \T1/zi4/m/n/10 t
ri\T1/ptm/m/n/10 , cut empty row/column, de-fault=FALSE. 

Overfull \hbox (19.57738pt too wide) in paragraph at lines 430--432
[]\T1/ptm/m/n/10 Format as html in viewer or not (de-fault=F, print in con-sole
), needs li-brary(htmlTable)
[7] [8] [9]
(/private/var/folders/72/h85n87d13z58f5bhjm734y1h0000gn/T/RtmpV4uofd/Rd2pdf7116
5b093534/Rd2.ind [10] [11])
(/private/var/folders/72/h85n87d13z58f5bhjm734y1h0000gn/T/RtmpV4uofd/Rd2pdf7116
5b093534/Rd2.aux) )
(see the transcript file for additional information){/usr/local/texlive/2020/te
xmf-dist/fonts/enc/dvips/base/8r.enc}{/usr/local/texlive/2020/texmf-dist/fonts/
enc/dvips/inconsolata/i4-t1-0.enc}</usr/local/texlive/2020/texmf-dist/fonts/typ
e1/public/inconsolata/Inconsolata-zi4r.pfb></usr/local/texlive/2020/texmf-dist/
fonts/type1/public/amsfonts/cm/cmsy10.pfb></usr/local/texlive/2020/texmf-dist/f
onts/type1/urw/helvetic/uhvr8a.pfb></usr/local/texlive/2020/texmf-dist/fonts/ty
pe1/urw/times/utmb8a.pfb></usr/local/texlive/2020/texmf-dist/fonts/type1/urw/ti
mes/utmr8a.pfb></usr/local/texlive/2020/texmf-dist/fonts/type1/urw/times/utmr8a
.pfb></usr/local/texlive/2020/texmf-dist/fonts/type1/urw/times/utmri8a.pfb>
Output written on Rd2.pdf (11 pages, 104253 bytes).
Transcript written on Rd2.log.
Saving output to ‘scipub-manual.pdf’ ...
Done
You may want to clean up by 'rm -Rf /var/folders/72/h85n87d13z58f5bhjm734y1h0000gn/T//RtmpV4uofd/Rd2pdf71165b093534'
